-------------------------------------------------------------------------------
Test set: net.suntec.tcu.dao.VehicleDaoTest
-------------------------------------------------------------------------------
Tests run: 1, Failures: 1, Errors: 0, Skipped: 0, Time elapsed: 0.004 sec <<< FAILURE!
net.suntec.tcu.dao.VehicleDaoTest.testQueryBySerialNumber()  Time elapsed: 0.004 sec  <<< FAILURE!
java.lang.NullPointerException
	at net.suntec.tcu.dao.VehicleDaoTest.testQueryBySerialNumber(VehicleDaoTest.java:16)

